#
# There is insufficient memory for the Java Runtime Environment to continue.
# Native memory allocation (malloc) failed to allocate 394096 bytes for Chunk::new
# Possible reasons:
#   The system is out of physical RAM or swap space
#   The process is running with CompressedOops enabled, and the Java Heap may be blocking the growth of the native heap
# Possible solutions:
#   Reduce memory load on the system
#   Increase physical memory or swap space
#   Check if swap backing store is full
#   Decrease Java heap size (-Xmx/-Xms)
#   Decrease number of Java threads
#   Decrease Java thread stack sizes (-Xss)
#   Set larger code cache with -XX:ReservedCodeCacheSize=
#   JVM is running with Unscaled Compressed Oops mode in which the Java heap is
#     placed in the first 4GB address space. The Java Heap base address is the
#     maximum limit for the native heap growth. Please use -XX:HeapBaseMinAddress
#     to set the Java Heap base and to place the Java Heap above 4GB virtual address.
# This output file may be truncated or incomplete.
#
#  Out of Memory Error (t:/workspace/open/src/hotspot/share/memory/arena.cpp:197), pid=12416, tid=13512
#
# JRE version: Java(TM) SE Runtime Environment (11.0.6+8) (build 11.0.6+8-LTS)
# Java VM: Java HotSpot(TM) 64-Bit Server VM (11.0.6+8-LTS, mixed mode, tiered, compressed oops, g1 gc, windows-amd64)
# No core dump will be written. Minidumps are not enabled by default on client versions of Windows
#

---------------  S U M M A R Y ------------

Command Line: -Dmaven.multiModuleProjectDirectory=F:\project\Java\sky-take-out -Djansi.passthrough=true -Dmaven.home=F:\idea\IntelliJ IDEA 2023.1.3\plugins\maven\lib\maven3 -Dclassworlds.conf=F:\idea\IntelliJ IDEA 2023.1.3\plugins\maven\lib\maven3\bin\m2.conf -Dmaven.ext.class.path=F:\idea\IntelliJ IDEA 2023.1.3\plugins\maven\lib\maven-event-listener.jar -javaagent:F:\idea\IntelliJ IDEA 2023.1.3\lib\idea_rt.jar=29913:F:\idea\IntelliJ IDEA 2023.1.3\bin -Dfile.encoding=UTF-8 org.codehaus.classworlds.Launcher -Didea.version=2023.1.3 compile

Host: Intel(R) Core(TM) i5-7300HQ CPU @ 2.50GHz, 4 cores, 7G,  Windows 10 , 64 bit Build 19041 (10.0.19041.3031)
Time: Thu Jul  6 21:29:06 2023 中国标准时间 elapsed time: 1 seconds (0d 0h 0m 1s)

---------------  T H R E A D  ---------------

Current thread (0x000002a8ee38e800):  JavaThread "C2 CompilerThread0" daemon [_thread_in_native, id=13512, stack(0x000000b28f900000,0x000000b28fa00000)]


Current CompileTask:
C2:   1994 1641       4       java.lang.reflect.ProxyGenerator$ConstantPool::getValue (87 bytes)

Stack: [0x000000b28f900000,0x000000b28fa00000]
Native frames: (J=compiled Java code, j=interpreted, Vv=VM code, C=native code)
V  [jvm.dll+0x63679a]
V  [jvm.dll+0x7755bf]
V  [jvm.dll+0x776c65]
V  [jvm.dll+0x7772d3]
V  [jvm.dll+0x25e7f8]
V  [jvm.dll+0xc1c01]
V  [jvm.dll+0xc219c]
V  [jvm.dll+0x36d977]
V  [jvm.dll+0x33a7b3]
V  [jvm.dll+0x339b8a]
V  [jvm.dll+0x218355]
V  [jvm.dll+0x2174fa]
V  [jvm.dll+0x193a2c]
V  [jvm.dll+0x226544]
V  [jvm.dll+0x224b28]
V  [jvm.dll+0x73a9c5]
V  [jvm.dll+0x733905]
V  [jvm.dll+0x635846]
C  [ucrtbase.dll+0x21bb2]
C  [KERNEL32.DLL+0x17614]
C  [ntdll.dll+0x526f1]


---------------  P R O C E S S  ---------------

Threads class SMR info:
_java_thread_list=0x000002a8eebe26c0, length=12, elements={
0x000002a8cef3d000, 0x000002a8eda9a000, 0x000002a8edaa4000, 0x000002a8ee38c800,
0x000002a8ee38d000, 0x000002a8ee38e800, 0x000002a8ee394800, 0x000002a8edac4800,
0x000002a8eda1d800, 0x000002a8ee680000, 0x000002a8ee681000, 0x000002a8eec89800
}

Java Threads: ( => current thread )
  0x000002a8cef3d000 JavaThread "main" [_thread_in_native, id=17232, stack(0x000000b28ee00000,0x000000b28ef00000)]
  0x000002a8eda9a000 JavaThread "Reference Handler" daemon [_thread_blocked, id=13356, stack(0x000000b28f500000,0x000000b28f600000)]
  0x000002a8edaa4000 JavaThread "Finalizer" daemon [_thread_blocked, id=2020, stack(0x000000b28f600000,0x000000b28f700000)]
  0x000002a8ee38c800 JavaThread "Signal Dispatcher" daemon [_thread_blocked, id=1832, stack(0x000000b28f700000,0x000000b28f800000)]
  0x000002a8ee38d000 JavaThread "Attach Listener" daemon [_thread_blocked, id=14656, stack(0x000000b28f800000,0x000000b28f900000)]
=>0x000002a8ee38e800 JavaThread "C2 CompilerThread0" daemon [_thread_in_native, id=13512, stack(0x000000b28f900000,0x000000b28fa00000)]
  0x000002a8ee394800 JavaThread "C1 CompilerThread0" daemon [_thread_blocked, id=16388, stack(0x000000b28fa00000,0x000000b28fb00000)]
  0x000002a8edac4800 JavaThread "Sweeper thread" daemon [_thread_blocked, id=17068, stack(0x000000b28fb00000,0x000000b28fc00000)]
  0x000002a8eda1d800 JavaThread "Common-Cleaner" daemon [_thread_blocked, id=6496, stack(0x000000b28fc00000,0x000000b28fd00000)]
  0x000002a8ee680000 JavaThread "Monitor Ctrl-Break" daemon [_thread_in_native, id=10764, stack(0x000000b28fe00000,0x000000b28ff00000)]
  0x000002a8ee681000 JavaThread "Service Thread" daemon [_thread_blocked, id=13872, stack(0x000000b28ff00000,0x000000b290000000)]
  0x000002a8eec89800 JavaThread "C2 CompilerThread1" daemon [_thread_blocked, id=9280, stack(0x000000b28fd00000,0x000000b28fe00000)]

Other Threads:
  0x000002a8eda99800 VMThread "VM Thread" [stack: 0x000000b28f400000,0x000000b28f500000] [id=3024]
  0x000002a8ee683000 WatcherThread [stack: 0x000000b290000000,0x000000b290100000] [id=6748]
  0x000002a8cef57000 GCTaskThread "GC Thread#0" [stack: 0x000000b28ef00000,0x000000b28f000000] [id=9464]
  0x000002a8ef6a7000 GCTaskThread "GC Thread#1" [stack: 0x000000b290100000,0x000000b290200000] [id=15972]
  0x000002a8ef686800 GCTaskThread "GC Thread#2" [stack: 0x000000b290200000,0x000000b290300000] [id=5872]
  0x000002a8cef86000 ConcurrentGCThread "G1 Main Marker" [stack: 0x000000b28f000000,0x000000b28f100000] [id=9988]
  0x000002a8cef87800 ConcurrentGCThread "G1 Conc#0" [stack: 0x000000b28f100000,0x000000b28f200000] [id=5204]
  0x000002a8cf016800 ConcurrentGCThread "G1 Refine#0" [stack: 0x000000b28f200000,0x000000b28f300000] [id=14996]
  0x000002a8ee726800 ConcurrentGCThread "G1 Refine#1" [stack: 0x000000b290300000,0x000000b290400000] [id=3468]
  0x000002a8cf017800 ConcurrentGCThread "G1 Young RemSet Sampling" [stack: 0x000000b28f300000,0x000000b28f400000] [id=8044]

Threads with active compile tasks:
C2 CompilerThread01641       4       java.lang.reflect.ProxyGenerator$ConstantPool::getValue (87 bytes)

VM state:not at safepoint (normal execution)

VM Mutex/Monitor currently owned by a thread: None

Heap address: 0x0000000081c00000, size: 2020 MB, Compressed Oops mode: 32-bit
Narrow klass base: 0x0000000000000000, Narrow klass shift: 3
Compressed class space size: 1073741824 Address: 0x0000000100000000

Heap:
 garbage-first heap   total 131072K, used 28459K [0x0000000081c00000, 0x0000000100000000)
  region size 1024K, 26 young (26624K), 2 survivors (2048K)
 Metaspace       used 19536K, capacity 19831K, committed 19968K, reserved 1067008K
  class space    used 2116K, capacity 2229K, committed 2304K, reserved 1048576K
Heap Regions: E=young(eden), S=young(survivor), O=old, HS=humongous(starts), HC=humongous(continues), CS=collection set, F=free, A=archive, TAMS=top-at-mark-start (previous, next)
|   0|0x0000000081c00000, 0x0000000081d00000, 0x0000000081d00000|100%| O|  |TAMS 0x0000000081c00000, 0x0000000081c00000| Untracked 
|   1|0x0000000081d00000, 0x0000000081e00000, 0x0000000081e00000|100%| O|  |TAMS 0x0000000081d00000, 0x0000000081d00000| Untracked 
|   2|0x0000000081e00000, 0x0000000081f00000, 0x0000000081f00000|100%| O|  |TAMS 0x0000000081e00000, 0x0000000081e00000| Untracked 
|   3|0x0000000081f00000, 0x0000000081f91200, 0x0000000082000000| 56%| O|  |TAMS 0x0000000081f00000, 0x0000000081f00000| Untracked 
|   4|0x0000000082000000, 0x0000000082000000, 0x0000000082100000|  0%| F|  |TAMS 0x0000000082000000, 0x0000000082000000| Untracked 
|   5|0x0000000082100000, 0x0000000082100000, 0x0000000082200000|  0%| F|  |TAMS 0x0000000082100000, 0x0000000082100000| Untracked 
|   6|0x0000000082200000, 0x0000000082200000, 0x0000000082300000|  0%| F|  |TAMS 0x0000000082200000, 0x0000000082200000| Untracked 
|   7|0x0000000082300000, 0x0000000082300000, 0x0000000082400000|  0%| F|  |TAMS 0x0000000082300000, 0x0000000082300000| Untracked 
|   8|0x0000000082400000, 0x0000000082400000, 0x0000000082500000|  0%| F|  |TAMS 0x0000000082400000, 0x0000000082400000| Untracked 
|   9|0x0000000082500000, 0x0000000082500000, 0x0000000082600000|  0%| F|  |TAMS 0x0000000082500000, 0x0000000082500000| Untracked 
|  10|0x0000000082600000, 0x0000000082600000, 0x0000000082700000|  0%| F|  |TAMS 0x0000000082600000, 0x0000000082600000| Untracked 
|  11|0x0000000082700000, 0x0000000082700000, 0x0000000082800000|  0%| F|  |TAMS 0x0000000082700000, 0x0000000082700000| Untracked 
|  12|0x0000000082800000, 0x0000000082800000, 0x0000000082900000|  0%| F|  |TAMS 0x0000000082800000, 0x0000000082800000| Untracked 
|  13|0x0000000082900000, 0x0000000082900000, 0x0000000082a00000|  0%| F|  |TAMS 0x0000000082900000, 0x0000000082900000| Untracked 
|  14|0x0000000082a00000, 0x0000000082a00000, 0x0000000082b00000|  0%| F|  |TAMS 0x0000000082a00000, 0x0000000082a00000| Untracked 
|  15|0x0000000082b00000, 0x0000000082b00000, 0x0000000082c00000|  0%| F|  |TAMS 0x0000000082b00000, 0x0000000082b00000| Untracked 
|  16|0x0000000082c00000, 0x0000000082c00000, 0x0000000082d00000|  0%| F|  |TAMS 0x0000000082c00000, 0x0000000082c00000| Untracked 
|  17|0x0000000082d00000, 0x0000000082d00000, 0x0000000082e00000|  0%| F|  |TAMS 0x0000000082d00000, 0x0000000082d00000| Untracked 
|  18|0x0000000082e00000, 0x0000000082e00000, 0x0000000082f00000|  0%| F|  |TAMS 0x0000000082e00000, 0x0000000082e00000| Untracked 
|  19|0x0000000082f00000, 0x0000000082f00000, 0x0000000083000000|  0%| F|  |TAMS 0x0000000082f00000, 0x0000000082f00000| Untracked 
|  20|0x0000000083000000, 0x0000000083000000, 0x0000000083100000|  0%| F|  |TAMS 0x0000000083000000, 0x0000000083000000| Untracked 
|  21|0x0000000083100000, 0x0000000083100000, 0x0000000083200000|  0%| F|  |TAMS 0x0000000083100000, 0x0000000083100000| Untracked 
|  22|0x0000000083200000, 0x0000000083200000, 0x0000000083300000|  0%| F|  |TAMS 0x0000000083200000, 0x0000000083200000| Untracked 
|  23|0x0000000083300000, 0x0000000083300000, 0x0000000083400000|  0%| F|  |TAMS 0x0000000083300000, 0x0000000083300000| Untracked 
|  24|0x0000000083400000, 0x0000000083400000, 0x0000000083500000|  0%| F|  |TAMS 0x0000000083400000, 0x0000000083400000| Untracked 
|  25|0x0000000083500000, 0x0000000083500000, 0x0000000083600000|  0%| F|  |TAMS 0x0000000083500000, 0x0000000083500000| Untracked 
|  26|0x0000000083600000, 0x0000000083600000, 0x0000000083700000|  0%| F|  |TAMS 0x0000000083600000, 0x0000000083600000| Untracked 
|  27|0x0000000083700000, 0x0000000083700000, 0x0000000083800000|  0%| F|  |TAMS 0x0000000083700000, 0x0000000083700000| Untracked 
|  28|0x0000000083800000, 0x0000000083800000, 0x0000000083900000|  0%| F|  |TAMS 0x0000000083800000, 0x0000000083800000| Untracked 
|  29|0x0000000083900000, 0x0000000083900000, 0x0000000083a00000|  0%| F|  |TAMS 0x0000000083900000, 0x0000000083900000| Untracked 
|  30|0x0000000083a00000, 0x0000000083a00000, 0x0000000083b00000|  0%| F|  |TAMS 0x0000000083a00000, 0x0000000083a00000| Untracked 
|  31|0x0000000083b00000, 0x0000000083b00000, 0x0000000083c00000|  0%| F|  |TAMS 0x0000000083b00000, 0x0000000083b00000| Untracked 
|  32|0x0000000083c00000, 0x0000000083c00000, 0x0000000083d00000|  0%| F|  |TAMS 0x0000000083c00000, 0x0000000083c00000| Untracked 
|  33|0x0000000083d00000, 0x0000000083d00000, 0x0000000083e00000|  0%| F|  |TAMS 0x0000000083d00000, 0x0000000083d00000| Untracked 
|  34|0x0000000083e00000, 0x0000000083e00000, 0x0000000083f00000|  0%| F|  |TAMS 0x0000000083e00000, 0x0000000083e00000| Untracked 
|  35|0x0000000083f00000, 0x0000000083f00000, 0x0000000084000000|  0%| F|  |TAMS 0x0000000083f00000, 0x0000000083f00000| Untracked 
|  36|0x0000000084000000, 0x0000000084000000, 0x0000000084100000|  0%| F|  |TAMS 0x0000000084000000, 0x0000000084000000| Untracked 
|  37|0x0000000084100000, 0x0000000084100000, 0x0000000084200000|  0%| F|  |TAMS 0x0000000084100000, 0x0000000084100000| Untracked 
|  38|0x0000000084200000, 0x0000000084200000, 0x0000000084300000|  0%| F|  |TAMS 0x0000000084200000, 0x0000000084200000| Untracked 
|  39|0x0000000084300000, 0x0000000084300000, 0x0000000084400000|  0%| F|  |TAMS 0x0000000084300000, 0x0000000084300000| Untracked 
|  40|0x0000000084400000, 0x0000000084400000, 0x0000000084500000|  0%| F|  |TAMS 0x0000000084400000, 0x0000000084400000| Untracked 
|  41|0x0000000084500000, 0x0000000084500000, 0x0000000084600000|  0%| F|  |TAMS 0x0000000084500000, 0x0000000084500000| Untracked 
|  42|0x0000000084600000, 0x0000000084600000, 0x0000000084700000|  0%| F|  |TAMS 0x0000000084600000, 0x0000000084600000| Untracked 
|  43|0x0000000084700000, 0x0000000084700000, 0x0000000084800000|  0%| F|  |TAMS 0x0000000084700000, 0x0000000084700000| Untracked 
|  44|0x0000000084800000, 0x0000000084800000, 0x0000000084900000|  0%| F|  |TAMS 0x0000000084800000, 0x0000000084800000| Untracked 
|  45|0x0000000084900000, 0x0000000084900000, 0x0000000084a00000|  0%| F|  |TAMS 0x0000000084900000, 0x0000000084900000| Untracked 
|  46|0x0000000084a00000, 0x0000000084a00000, 0x0000000084b00000|  0%| F|  |TAMS 0x0000000084a00000, 0x0000000084a00000| Untracked 
|  47|0x0000000084b00000, 0x0000000084b00000, 0x0000000084c00000|  0%| F|  |TAMS 0x0000000084b00000, 0x0000000084b00000| Untracked 
|  48|0x0000000084c00000, 0x0000000084c00000, 0x0000000084d00000|  0%| F|  |TAMS 0x0000000084c00000, 0x0000000084c00000| Untracked 
|  49|0x0000000084d00000, 0x0000000084d00000, 0x0000000084e00000|  0%| F|  |TAMS 0x0000000084d00000, 0x0000000084d00000| Untracked 
|  50|0x0000000084e00000, 0x0000000084e00000, 0x0000000084f00000|  0%| F|  |TAMS 0x0000000084e00000, 0x0000000084e00000| Untracked 
|  51|0x0000000084f00000, 0x0000000084f00000, 0x0000000085000000|  0%| F|  |TAMS 0x0000000084f00000, 0x0000000084f00000| Untracked 
|  52|0x0000000085000000, 0x0000000085000000, 0x0000000085100000|  0%| F|  |TAMS 0x0000000085000000, 0x0000000085000000| Untracked 
|  53|0x0000000085100000, 0x0000000085100000, 0x0000000085200000|  0%| F|  |TAMS 0x0000000085100000, 0x0000000085100000| Untracked 
|  54|0x0000000085200000, 0x0000000085200000, 0x0000000085300000|  0%| F|  |TAMS 0x0000000085200000, 0x0000000085200000| Untracked 
|  55|0x0000000085300000, 0x0000000085300000, 0x0000000085400000|  0%| F|  |TAMS 0x0000000085300000, 0x0000000085300000| Untracked 
|  56|0x0000000085400000, 0x0000000085400000, 0x0000000085500000|  0%| F|  |TAMS 0x0000000085400000, 0x0000000085400000| Untracked 
|  57|0x0000000085500000, 0x0000000085500000, 0x0000000085600000|  0%| F|  |TAMS 0x0000000085500000, 0x0000000085500000| Untracked 
|  58|0x0000000085600000, 0x0000000085600000, 0x0000000085700000|  0%| F|  |TAMS 0x0000000085600000, 0x0000000085600000| Untracked 
|  59|0x0000000085700000, 0x0000000085700000, 0x0000000085800000|  0%| F|  |TAMS 0x0000000085700000, 0x0000000085700000| Untracked 
|  60|0x0000000085800000, 0x0000000085800000, 0x0000000085900000|  0%| F|  |TAMS 0x0000000085800000, 0x0000000085800000| Untracked 
|  61|0x0000000085900000, 0x0000000085900000, 0x0000000085a00000|  0%| F|  |TAMS 0x0000000085900000, 0x0000000085900000| Untracked 
|  62|0x0000000085a00000, 0x0000000085a00000, 0x0000000085b00000|  0%| F|  |TAMS 0x0000000085a00000, 0x0000000085a00000| Untracked 
|  63|0x0000000085b00000, 0x0000000085b00000, 0x0000000085c00000|  0%| F|  |TAMS 0x0000000085b00000, 0x0000000085b00000| Untracked 
|  64|0x0000000085c00000, 0x0000000085c00000, 0x0000000085d00000|  0%| F|  |TAMS 0x0000000085c00000, 0x0000000085c00000| Untracked 
|  65|0x0000000085d00000, 0x0000000085d00000, 0x0000000085e00000|  0%| F|  |TAMS 0x0000000085d00000, 0x0000000085d00000| Untracked 
|  66|0x0000000085e00000, 0x0000000085e00000, 0x0000000085f00000|  0%| F|  |TAMS 0x0000000085e00000, 0x0000000085e00000| Untracked 
|  67|0x0000000085f00000, 0x0000000085f00000, 0x0000000086000000|  0%| F|  |TAMS 0x0000000085f00000, 0x0000000085f00000| Untracked 
|  68|0x0000000086000000, 0x0000000086000000, 0x0000000086100000|  0%| F|  |TAMS 0x0000000086000000, 0x0000000086000000| Untracked 
|  69|0x0000000086100000, 0x0000000086100000, 0x0000000086200000|  0%| F|  |TAMS 0x0000000086100000, 0x0000000086100000| Untracked 
|  70|0x0000000086200000, 0x0000000086200000, 0x0000000086300000|  0%| F|  |TAMS 0x0000000086200000, 0x0000000086200000| Untracked 
|  71|0x0000000086300000, 0x0000000086300000, 0x0000000086400000|  0%| F|  |TAMS 0x0000000086300000, 0x0000000086300000| Untracked 
|  72|0x0000000086400000, 0x0000000086400000, 0x0000000086500000|  0%| F|  |TAMS 0x0000000086400000, 0x0000000086400000| Untracked 
|  73|0x0000000086500000, 0x0000000086500000, 0x0000000086600000|  0%| F|  |TAMS 0x0000000086500000, 0x0000000086500000| Untracked 
|  74|0x0000000086600000, 0x0000000086600000, 0x0000000086700000|  0%| F|  |TAMS 0x0000000086600000, 0x0000000086600000| Untracked 
|  75|0x0000000086700000, 0x0000000086700000, 0x0000000086800000|  0%| F|  |TAMS 0x0000000086700000, 0x0000000086700000| Untracked 
|  76|0x0000000086800000, 0x0000000086800000, 0x0000000086900000|  0%| F|  |TAMS 0x0000000086800000, 0x0000000086800000| Untracked 
|  77|0x0000000086900000, 0x0000000086900000, 0x0000000086a00000|  0%| F|  |TAMS 0x0000000086900000, 0x0000000086900000| Untracked 
|  78|0x0000000086a00000, 0x0000000086a00000, 0x0000000086b00000|  0%| F|  |TAMS 0x0000000086a00000, 0x0000000086a00000| Untracked 
|  79|0x0000000086b00000, 0x0000000086b00000, 0x0000000086c00000|  0%| F|  |TAMS 0x0000000086b00000, 0x0000000086b00000| Untracked 
|  80|0x0000000086c00000, 0x0000000086c00000, 0x0000000086d00000|  0%| F|  |TAMS 0x0000000086c00000, 0x0000000086c00000| Untracked 
|  81|0x0000000086d00000, 0x0000000086d00000, 0x0000000086e00000|  0%| F|  |TAMS 0x0000000086d00000, 0x0000000086d00000| Untracked 
|  82|0x0000000086e00000, 0x0000000086e00000, 0x0000000086f00000|  0%| F|  |TAMS 0x0000000086e00000, 0x0000000086e00000| Untracked 
|  83|0x0000000086f00000, 0x0000000086f00000, 0x0000000087000000|  0%| F|  |TAMS 0x0000000086f00000, 0x0000000086f00000| Untracked 
|  84|0x0000000087000000, 0x0000000087000000, 0x0000000087100000|  0%| F|  |TAMS 0x0000000087000000, 0x0000000087000000| Untracked 
|  85|0x0000000087100000, 0x0000000087100000, 0x0000000087200000|  0%| F|  |TAMS 0x0000000087100000, 0x0000000087100000| Untracked 
|  86|0x0000000087200000, 0x0000000087200000, 0x0000000087300000|  0%| F|  |TAMS 0x0000000087200000, 0x0000000087200000| Untracked 
|  87|0x0000000087300000, 0x0000000087300000, 0x0000000087400000|  0%| F|  |TAMS 0x0000000087300000, 0x0000000087300000| Untracked 
|  88|0x0000000087400000, 0x0000000087400000, 0x0000000087500000|  0%| F|  |TAMS 0x0000000087400000, 0x0000000087400000| Untracked 
|  89|0x0000000087500000, 0x0000000087500000, 0x0000000087600000|  0%| F|  |TAMS 0x0000000087500000, 0x0000000087500000| Untracked 
|  90|0x0000000087600000, 0x0000000087600000, 0x0000000087700000|  0%| F|  |TAMS 0x0000000087600000, 0x0000000087600000| Untracked 
|  91|0x0000000087700000, 0x0000000087700000, 0x0000000087800000|  0%| F|  |TAMS 0x0000000087700000, 0x0000000087700000| Untracked 
|  92|0x0000000087800000, 0x0000000087800000, 0x0000000087900000|  0%| F|  |TAMS 0x0000000087800000, 0x0000000087800000| Untracked 
|  93|0x0000000087900000, 0x0000000087900000, 0x0000000087a00000|  0%| F|  |TAMS 0x0000000087900000, 0x0000000087900000| Untracked 
|  94|0x0000000087a00000, 0x0000000087a00000, 0x0000000087b00000|  0%| F|  |TAMS 0x0000000087a00000, 0x0000000087a00000| Untracked 
|  95|0x0000000087b00000, 0x0000000087b00000, 0x0000000087c00000|  0%| F|  |TAMS 0x0000000087b00000, 0x0000000087b00000| Untracked 
|  96|0x0000000087c00000, 0x0000000087c00000, 0x0000000087d00000|  0%| F|  |TAMS 0x0000000087c00000, 0x0000000087c00000| Untracked 
|  97|0x0000000087d00000, 0x0000000087d00000, 0x0000000087e00000|  0%| F|  |TAMS 0x0000000087d00000, 0x0000000087d00000| Untracked 
|  98|0x0000000087e00000, 0x0000000087e00000, 0x0000000087f00000|  0%| F|  |TAMS 0x0000000087e00000, 0x0000000087e00000| Untracked 
|  99|0x0000000087f00000, 0x0000000087f00000, 0x0000000088000000|  0%| F|  |TAMS 0x0000000087f00000, 0x0000000087f00000| Untracked 
| 100|0x0000000088000000, 0x0000000088039c48, 0x0000000088100000| 22%| S|CS|TAMS 0x0000000088000000, 0x0000000088000000| Complete 
| 101|0x0000000088100000, 0x0000000088200000, 0x0000000088200000|100%| S|CS|TAMS 0x0000000088100000, 0x0000000088100000| Complete 
| 102|0x0000000088200000, 0x0000000088200000, 0x0000000088300000|  0%| F|  |TAMS 0x0000000088200000, 0x0000000088200000| Untracked 
| 103|0x0000000088300000, 0x0000000088300000, 0x0000000088400000|  0%| F|  |TAMS 0x0000000088300000, 0x0000000088300000| Untracked 
| 104|0x0000000088400000, 0x0000000088480800, 0x0000000088500000| 50%| E|  |TAMS 0x0000000088400000, 0x0000000088400000| Complete 
| 105|0x0000000088500000, 0x0000000088600000, 0x0000000088600000|100%| E|CS|TAMS 0x0000000088500000, 0x0000000088500000| Complete 
| 106|0x0000000088600000, 0x0000000088700000, 0x0000000088700000|100%| E|CS|TAMS 0x0000000088600000, 0x0000000088600000| Complete 
| 107|0x0000000088700000, 0x0000000088800000, 0x0000000088800000|100%| E|CS|TAMS 0x0000000088700000, 0x0000000088700000| Complete 
| 108|0x0000000088800000, 0x0000000088900000, 0x0000000088900000|100%| E|CS|TAMS 0x0000000088800000, 0x0000000088800000| Complete 
| 109|0x0000000088900000, 0x0000000088a00000, 0x0000000088a00000|100%| E|CS|TAMS 0x0000000088900000, 0x0000000088900000| Complete 
| 110|0x0000000088a00000, 0x0000000088b00000, 0x0000000088b00000|100%| E|CS|TAMS 0x0000000088a00000, 0x0000000088a00000| Complete 
| 111|0x0000000088b00000, 0x0000000088c00000, 0x0000000088c00000|100%| E|CS|TAMS 0x0000000088b00000, 0x0000000088b00000| Complete 
| 112|0x0000000088c00000, 0x0000000088d00000, 0x0000000088d00000|100%| E|CS|TAMS 0x0000000088c00000, 0x0000000088c00000| Complete 
| 113|0x0000000088d00000, 0x0000000088e00000, 0x0000000088e00000|100%| E|CS|TAMS 0x0000000088d00000, 0x0000000088d00000| Complete 
| 114|0x0000000088e00000, 0x0000000088f00000, 0x0000000088f00000|100%| E|CS|TAMS 0x0000000088e00000, 0x0000000088e00000| Complete 
| 115|0x0000000088f00000, 0x0000000089000000, 0x0000000089000000|100%| E|CS|TAMS 0x0000000088f00000, 0x0000000088f00000| Complete 
| 116|0x0000000089000000, 0x0000000089100000, 0x0000000089100000|100%| E|CS|TAMS 0x0000000089000000, 0x0000000089000000| Complete 
| 117|0x0000000089100000, 0x0000000089200000, 0x0000000089200000|100%| E|CS|TAMS 0x0000000089100000, 0x0000000089100000| Complete 
| 118|0x0000000089200000, 0x0000000089300000, 0x0000000089300000|100%| E|CS|TAMS 0x0000000089200000, 0x0000000089200000| Complete 
| 119|0x0000000089300000, 0x0000000089400000, 0x0000000089400000|100%| E|CS|TAMS 0x0000000089300000, 0x0000000089300000| Complete 
| 120|0x0000000089400000, 0x0000000089500000, 0x0000000089500000|100%| E|CS|TAMS 0x0000000089400000, 0x0000000089400000| Complete 
| 121|0x0000000089500000, 0x0000000089600000, 0x0000000089600000|100%| E|CS|TAMS 0x0000000089500000, 0x0000000089500000| Complete 
| 122|0x0000000089600000, 0x0000000089700000, 0x0000000089700000|100%| E|CS|TAMS 0x0000000089600000, 0x0000000089600000| Complete 
| 123|0x0000000089700000, 0x0000000089800000, 0x0000000089800000|100%| E|CS|TAMS 0x0000000089700000, 0x0000000089700000| Complete 
| 124|0x0000000089800000, 0x0000000089900000, 0x0000000089900000|100%| E|CS|TAMS 0x0000000089800000, 0x0000000089800000| Complete 
| 125|0x0000000089900000, 0x0000000089a00000, 0x0000000089a00000|100%| E|CS|TAMS 0x0000000089900000, 0x0000000089900000| Complete 
| 126|0x0000000089a00000, 0x0000000089b00000, 0x0000000089b00000|100%| E|CS|TAMS 0x0000000089a00000, 0x0000000089a00000| Complete 
| 127|0x0000000089b00000, 0x0000000089c00000, 0x0000000089c00000|100%| E|CS|TAMS 0x0000000089b00000, 0x0000000089b00000| Complete 

Card table byte_map: [0x000002a8e6d20000,0x000002a8e7120000] _byte_map_base: 0x000002a8e6912000

Marking Bits (Prev, Next): (CMBitMap*) 0x000002a8cef7d818, (CMBitMap*) 0x000002a8cef7d850
 Prev Bits: [0x000002a8e7520000, 0x000002a8e94b0000)
 Next Bits: [0x000002a8e94b0000, 0x000002a8eb440000)

Polling page: 0x000002a8cf020000

Metaspace:

Usage:
  Non-class:     17.19 MB capacity,    17.01 MB ( 99%) used,   158.73 KB ( <1%) free+waste,    23.13 KB ( <1%) overhead. 
      Class:      2.18 MB capacity,     2.07 MB ( 95%) used,   103.32 KB (  5%) free+waste,     9.63 KB ( <1%) overhead. 
       Both:     19.37 MB capacity,    19.08 MB ( 99%) used,   262.05 KB (  1%) free+waste,    32.75 KB ( <1%) overhead. 

Virtual space:
  Non-class space:       18.00 MB reserved,      17.25 MB ( 96%) committed 
      Class space:        1.00 GB reserved,       2.25 MB ( <1%) committed 
             Both:        1.02 GB reserved,      19.50 MB (  2%) committed 

Chunk freelists:
   Non-Class:  7.75 KB
       Class:  1.38 KB
        Both:  9.13 KB

CodeHeap 'non-profiled nmethods': size=120064Kb used=827Kb max_used=827Kb free=119236Kb
 bounds [0x000002a8dedb0000, 0x000002a8df020000, 0x000002a8e62f0000]
CodeHeap 'profiled nmethods': size=120000Kb used=4232Kb max_used=4232Kb free=115767Kb
 bounds [0x000002a8d7880000, 0x000002a8d7cb0000, 0x000002a8dedb0000]
CodeHeap 'non-nmethods': size=5696Kb used=1103Kb max_used=1119Kb free=4593Kb
 bounds [0x000002a8d72f0000, 0x000002a8d7560000, 0x000002a8d7880000]
 total_blobs=2967 nmethods=2076 adapters=321
 compilation: enabled
              stopped_count=0, restarted_count=0
 full_count=0

Compilation events (10 events):
Event: 1.945 Thread 0x000002a8ee394800 nmethod 1726 0x000002a8d7bdfa90 code [0x000002a8d7bdfc60, 0x000002a8d7be0058]
Event: 1.945 Thread 0x000002a8ee394800 1727       3       java.util.LinkedHashMap$LinkedValueIterator::<init> (11 bytes)
Event: 1.946 Thread 0x000002a8ee394800 nmethod 1727 0x000002a8d7be0190 code [0x000002a8d7be0360, 0x000002a8d7be06d8]
Event: 1.946 Thread 0x000002a8ee394800 1728       3       com.google.inject.internal.Scoping$4::getScopeInstance (4 bytes)
Event: 1.946 Thread 0x000002a8ee394800 nmethod 1728 0x000002a8d7be0810 code [0x000002a8d7be09c0, 0x000002a8d7be0b38]
Event: 1.946 Thread 0x000002a8ee394800 1729       3       com.google.inject.internal.Scoping::forInstance (31 bytes)
Event: 1.946 Thread 0x000002a8ee394800 nmethod 1729 0x000002a8d7be0c10 code [0x000002a8d7be0e00, 0x000002a8d7be1218]
Event: 1.946 Thread 0x000002a8ee394800 1731       3       java.lang.Class::getConstructor0 (83 bytes)
Event: 1.946 Thread 0x000002a8ee394800 nmethod 1731 0x000002a8d7be1390 code [0x000002a8d7be1600, 0x000002a8d7be2050]
Event: 1.946 Thread 0x000002a8ee394800 1732       3       com.google.common.cache.LocalCache$Segment::getLiveValue (61 bytes)

GC Heap History (6 events):
Event: 1.116 GC heap before
{Heap before GC invocations=0 (full 0):
 garbage-first heap   total 131072K, used 13312K [0x0000000081c00000, 0x0000000100000000)
  region size 1024K, 14 young (14336K), 0 survivors (0K)
 Metaspace       used 11472K, capacity 11685K, committed 12032K, reserved 1060864K
  class space    used 1087K, capacity 1173K, committed 1280K, reserved 1048576K
}
Event: 1.120 GC heap after
{Heap after GC invocations=1 (full 0):
 garbage-first heap   total 131072K, used 3677K [0x0000000081c00000, 0x0000000100000000)
  region size 1024K, 2 young (2048K), 2 survivors (2048K)
 Metaspace       used 11472K, capacity 11685K, committed 12032K, reserved 1060864K
  class space    used 1087K, capacity 1173K, committed 1280K, reserved 1048576K
}
Event: 1.316 GC heap before
{Heap before GC invocations=1 (full 0):
 garbage-first heap   total 131072K, used 10845K [0x0000000081c00000, 0x0000000100000000)
  region size 1024K, 9 young (9216K), 2 survivors (2048K)
 Metaspace       used 13525K, capacity 13777K, committed 14080K, reserved 1062912K
  class space    used 1360K, capacity 1465K, committed 1536K, reserved 1048576K
}
Event: 1.319 GC heap after
{Heap after GC invocations=2 (full 0):
 garbage-first heap   total 131072K, used 4027K [0x0000000081c00000, 0x0000000100000000)
  region size 1024K, 1 young (1024K), 1 survivors (1024K)
 Metaspace       used 13525K, capacity 13777K, committed 14080K, reserved 1062912K
  class space    used 1360K, capacity 1465K, committed 1536K, reserved 1048576K
}
Event: 1.663 GC heap before
{Heap before GC invocations=2 (full 0):
 garbage-first heap   total 131072K, used 28603K [0x0000000081c00000, 0x0000000100000000)
  region size 1024K, 26 young (26624K), 1 survivors (1024K)
 Metaspace       used 15850K, capacity 16093K, committed 16384K, reserved 1064960K
  class space    used 1633K, capacity 1698K, committed 1792K, reserved 1048576K
}
Event: 1.664 GC heap after
{Heap after GC invocations=3 (full 0):
 garbage-first heap   total 131072K, used 4907K [0x0000000081c00000, 0x0000000100000000)
  region size 1024K, 2 young (2048K), 2 survivors (2048K)
 Metaspace       used 15850K, capacity 16093K, committed 16384K, reserved 1064960K
  class space    used 1633K, capacity 1698K, committed 1792K, reserved 1048576K
}

Deoptimization events (10 events):
Event: 1.417 Thread 0x000002a8cef3d000 Uncommon trap: reason=unstable_if action=reinterpret pc=0x000002a8dee158a4 method=sun.nio.cs.StreamDecoder.read0()I @ 39 c2
Event: 1.419 Thread 0x000002a8cef3d000 Uncommon trap: reason=unstable_if action=reinterpret pc=0x000002a8dee1268c method=sun.nio.cs.StreamDecoder.read0()I @ 39 c2
Event: 1.419 Thread 0x000002a8cef3d000 Uncommon trap: reason=unstable_if action=reinterpret pc=0x000002a8dee1adb8 method=org.codehaus.plexus.util.xml.pull.MXParser.nextImpl()I @ 1046 c2
Event: 1.470 Thread 0x000002a8cef3d000 Uncommon trap: reason=unstable_if action=reinterpret pc=0x000002a8dee055c4 method=java.util.HashMap.getNode(ILjava/lang/Object;)Ljava/util/HashMap$Node; @ 129 c2
Event: 1.529 Thread 0x000002a8cef3d000 Uncommon trap: reason=unstable_if action=reinterpret pc=0x000002a8dee30254 method=java.lang.String.<init>([CIILjava/lang/Void;)V @ 5 c2
Event: 1.557 Thread 0x000002a8cef3d000 Uncommon trap: reason=unstable_if action=reinterpret pc=0x000002a8dee29e4c method=java.lang.String.<init>([CIILjava/lang/Void;)V @ 5 c2
Event: 1.692 Thread 0x000002a8cef3d000 Uncommon trap: reason=speculate_class_check action=maybe_recompile pc=0x000002a8dee4a228 method=java.lang.reflect.Executable.declaredAnnotations()Ljava/util/Map; @ 23 c2
Event: 1.706 Thread 0x000002a8cef3d000 Uncommon trap: reason=speculate_class_check action=maybe_recompile pc=0x000002a8dee4a228 method=java.lang.reflect.Executable.declaredAnnotations()Ljava/util/Map; @ 23 c2
Event: 1.709 Thread 0x000002a8cef3d000 Uncommon trap: reason=speculate_class_check action=maybe_recompile pc=0x000002a8dee4a228 method=java.lang.reflect.Executable.declaredAnnotations()Ljava/util/Map; @ 23 c2
Event: 1.712 Thread 0x000002a8cef3d000 Uncommon trap: reason=speculate_class_check action=maybe_recompile pc=0x000002a8dee4a228 method=java.lang.reflect.Executable.declaredAnnotations()Ljava/util/Map; @ 23 c2

Classes redefined (0 events):
No events

Internal exceptions (6 events):
Event: 0.168 Thread 0x000002a8cef3d000 Exception <a 'java/security/PrivilegedActionException'{0x0000000089ad8ae8}> (0x0000000089ad8ae8) thrown at [t:/workspace/open/src/hotspot/share/prims/jvm.cpp, line 1296]
Event: 0.168 Thread 0x000002a8cef3d000 Exception <a 'java/security/PrivilegedActionException'{0x0000000089ad8db8}> (0x0000000089ad8db8) thrown at [t:/workspace/open/src/hotspot/share/prims/jvm.cpp, line 1296]
Event: 0.261 Thread 0x000002a8cef3d000 Exception <a 'java/lang/NoSuchMethodError'{0x00000000897b0eb0}: java.lang.invoke.DirectMethodHandle$Holder.invokeSpecialIFC(Ljava/lang/Object;Ljava/lang/Object;I)I> (0x00000000897b0eb0) thrown at [t:/workspace/open/src/hotspot/share/interpreter/linkResolv
Event: 0.344 Thread 0x000002a8cef3d000 Exception <a 'java/lang/NoSuchMethodError'{0x00000000896c87c8}: java.lang.invoke.DirectMethodHandle$Holder.invokeStaticInit(Ljava/lang/Object;IIII)Ljava/lang/Object;> (0x00000000896c87c8) thrown at [t:/workspace/open/src/hotspot/share/interpreter/linkReso
Event: 0.801 Thread 0x000002a8cef3d000 Exception <a 'java/lang/NoSuchMethodError'{0x0000000089569298}: java.lang.invoke.DirectMethodHandle$Holder.invokeStaticInit(Ljava/lang/Object;Ljava/lang/Object;IIII)Ljava/lang/Object;> (0x0000000089569298) thrown at [t:/workspace/open/src/hotspot/share/in
Event: 1.016 Thread 0x000002a8ee38d000 Exception <a 'java/lang/NoSuchMethodError'{0x00000000891dc6b8}: java.lang.invoke.DirectMethodHandle$Holder.invokeStaticInit(Ljava/lang/Object;I)Ljava/lang/Object;> (0x00000000891dc6b8) thrown at [t:/workspace/open/src/hotspot/share/interpreter/linkResolve

Events (10 events):
Event: 1.929 loading class org/apache/maven/session/scope/internal/SessionScope$2
Event: 1.929 loading class org/apache/maven/session/scope/internal/SessionScope$2 done
Event: 1.929 loading class com/google/inject/internal/BoundProviderFactory
Event: 1.929 loading class com/google/inject/internal/BoundProviderFactory done
Event: 1.933 loading class com/google/inject/internal/AbstractBindingProcessor$Processor$1
Event: 1.933 loading class com/google/inject/internal/AbstractBindingProcessor$Processor$1 done
Event: 1.936 loading class com/google/inject/internal/UntargettedBindingProcessor
Event: 1.936 loading class com/google/inject/internal/UntargettedBindingProcessor done
Event: 1.937 loading class com/google/inject/internal/UntargettedBindingProcessor$1
Event: 1.937 loading class com/google/inject/internal/UntargettedBindingProcessor$1 done


Dynamic libraries:
0x00007ff603f20000 - 0x00007ff603f67000 	F:\jdk\jdk-11.0.6\bin\java.exe
0x00007ffb1ef10000 - 0x00007ffb1f108000 	C:\WINDOWS\SYSTEM32\ntdll.dll
0x00007ffb1ea60000 - 0x00007ffb1eb1f000 	C:\WINDOWS\System32\KERNEL32.DLL
0x00007ffb1cc70000 - 0x00007ffb1cf66000 	C:\WINDOWS\System32\KERNELBASE.dll
0x00007ffb1ec50000 - 0x00007ffb1ecff000 	C:\WINDOWS\System32\ADVAPI32.dll
0x00007ffb1d2c0000 - 0x00007ffb1d35e000 	C:\WINDOWS\System32\msvcrt.dll
0x00007ffb1d5a0000 - 0x00007ffb1d63c000 	C:\WINDOWS\System32\sechost.dll
0x00007ffb1e930000 - 0x00007ffb1ea56000 	C:\WINDOWS\System32\RPCRT4.dll
0x00007ffb1dab0000 - 0x00007ffb1dc4d000 	C:\WINDOWS\System32\USER32.dll
0x00007ffb1cb40000 - 0x00007ffb1cb62000 	C:\WINDOWS\System32\win32u.dll
0x00007ffb1d290000 - 0x00007ffb1d2bc000 	C:\WINDOWS\System32\GDI32.dll
0x00007ffb1c920000 - 0x00007ffb1ca35000 	C:\WINDOWS\System32\gdi32full.dll
0x00007ffb1c5f0000 - 0x00007ffb1c68d000 	C:\WINDOWS\System32\msvcp_win.dll
0x00007ffb1ca40000 - 0x00007ffb1cb40000 	C:\WINDOWS\System32\ucrtbase.dll
0x00007ffb088f0000 - 0x00007ffb08b8a000 	C:\WINDOWS\WinSxS\amd64_microsoft.windows.common-controls_6595b64144ccf1df_6.0.19041.1110_none_60b5254171f9507e\COMCTL32.dll
0x00007ffb14be0000 - 0x00007ffb14bea000 	C:\WINDOWS\SYSTEM32\VERSION.dll
0x00007ffb1dc50000 - 0x00007ffb1dc80000 	C:\WINDOWS\System32\IMM32.DLL
0x00007ffb11050000 - 0x00007ffb11066000 	F:\jdk\jdk-11.0.6\bin\vcruntime140.dll
0x00007ffad28b0000 - 0x00007ffad295a000 	F:\jdk\jdk-11.0.6\bin\msvcp140.dll
0x00007ffaa05d0000 - 0x00007ffaa10f9000 	F:\jdk\jdk-11.0.6\bin\server\jvm.dll
0x00007ffb1d590000 - 0x00007ffb1d598000 	C:\WINDOWS\System32\PSAPI.DLL
0x00007ffb035d0000 - 0x00007ffb035d9000 	C:\WINDOWS\SYSTEM32\WSOCK32.dll
0x00007ffb08b90000 - 0x00007ffb08bb7000 	C:\WINDOWS\SYSTEM32\WINMM.dll
0x00007ffb1ede0000 - 0x00007ffb1ee4b000 	C:\WINDOWS\System32\WS2_32.dll
0x00007ffb1ae80000 - 0x00007ffb1ae92000 	C:\WINDOWS\SYSTEM32\kernel.appcore.dll
0x00007ffb0dd20000 - 0x00007ffb0dd31000 	F:\jdk\jdk-11.0.6\bin\verify.dll
0x00007ffb1aaf0000 - 0x00007ffb1acd4000 	C:\WINDOWS\SYSTEM32\DBGHELP.DLL
0x00007ffafcc40000 - 0x00007ffafcc74000 	C:\WINDOWS\SYSTEM32\dbgcore.DLL
0x00007ffb1cb70000 - 0x00007ffb1cbf2000 	C:\WINDOWS\System32\bcryptPrimitives.dll
0x00007ffb0af90000 - 0x00007ffb0afb9000 	F:\jdk\jdk-11.0.6\bin\java.dll
0x00007ffb07560000 - 0x00007ffb0758f000 	F:\jdk\jdk-11.0.6\bin\instrument.dll
0x00007ffb0b100000 - 0x00007ffb0b116000 	F:\jdk\jdk-11.0.6\bin\zip.dll
0x00007ffb0ddd0000 - 0x00007ffb0ddda000 	F:\jdk\jdk-11.0.6\bin\jimage.dll
0x00007ffb1e150000 - 0x00007ffb1e894000 	C:\WINDOWS\System32\SHELL32.dll
0x00007ffb1a350000 - 0x00007ffb1aae3000 	C:\WINDOWS\SYSTEM32\windows.storage.dll
0x00007ffb1dc80000 - 0x00007ffb1dfd4000 	C:\WINDOWS\System32\combase.dll
0x00007ffb1c040000 - 0x00007ffb1c06e000 	C:\WINDOWS\SYSTEM32\Wldp.dll
0x00007ffb1cf70000 - 0x00007ffb1d01d000 	C:\WINDOWS\System32\SHCORE.dll
0x00007ffb1d360000 - 0x00007ffb1d3b5000 	C:\WINDOWS\System32\shlwapi.dll
0x00007ffb1c530000 - 0x00007ffb1c54f000 	C:\WINDOWS\SYSTEM32\profapi.dll
0x00007ffb08e70000 - 0x00007ffb08e89000 	F:\jdk\jdk-11.0.6\bin\net.dll
0x00007ffb11660000 - 0x00007ffb1176a000 	C:\WINDOWS\SYSTEM32\WINHTTP.dll
0x00007ffb1bda0000 - 0x00007ffb1be0a000 	C:\WINDOWS\system32\mswsock.dll
0x00007ffb06900000 - 0x00007ffb06913000 	F:\jdk\jdk-11.0.6\bin\nio.dll
0x00007ffb08e90000 - 0x00007ffb08eaa000 	F:\idea\IntelliJ IDEA 2023.1.3\bin\breakgen64.dll
0x00007ffb1bfa0000 - 0x00007ffb1bfb8000 	C:\WINDOWS\SYSTEM32\CRYPTSP.dll
0x00007ffb1b650000 - 0x00007ffb1b684000 	C:\WINDOWS\system32\rsaenh.dll
0x00007ffb1c8f0000 - 0x00007ffb1c917000 	C:\WINDOWS\System32\bcrypt.dll
0x00007ffb1c4f0000 - 0x00007ffb1c51e000 	C:\WINDOWS\SYSTEM32\USERENV.dll
0x00007ffb1bf90000 - 0x00007ffb1bf9c000 	C:\WINDOWS\SYSTEM32\CRYPTBASE.dll
0x00007ffb1ba40000 - 0x00007ffb1ba7c000 	C:\WINDOWS\SYSTEM32\IPHLPAPI.DLL
0x00007ffb1ed00000 - 0x00007ffb1ed08000 	C:\WINDOWS\System32\NSI.dll
0x00007ffb08d70000 - 0x00007ffb08d87000 	C:\WINDOWS\SYSTEM32\dhcpcsvc6.DLL
0x00007ffb08e20000 - 0x00007ffb08e3d000 	C:\WINDOWS\SYSTEM32\dhcpcsvc.DLL
0x00007ffb1ba90000 - 0x00007ffb1bb5a000 	C:\WINDOWS\SYSTEM32\DNSAPI.dll
0x00007ffb07550000 - 0x00007ffb0755a000 	D:\temp\jansi-1.17.1-6974017688021464427.dll

dbghelp: loaded successfully - version: 4.0.5 - missing functions: none
symbol engine: initialized successfully - sym options: 0x614 - pdb path: .;F:\jdk\jdk-11.0.6\bin;C:\WINDOWS\SYSTEM32;C:\WINDOWS\WinSxS\amd64_microsoft.windows.common-controls_6595b64144ccf1df_6.0.19041.1110_none_60b5254171f9507e;F:\jdk\jdk-11.0.6\bin\server;F:\idea\IntelliJ IDEA 2023.1.3\bin;D:\temp

VM Arguments:
jvm_args: -Dmaven.multiModuleProjectDirectory=F:\project\Java\sky-take-out -Djansi.passthrough=true -Dmaven.home=F:\idea\IntelliJ IDEA 2023.1.3\plugins\maven\lib\maven3 -Dclassworlds.conf=F:\idea\IntelliJ IDEA 2023.1.3\plugins\maven\lib\maven3\bin\m2.conf -Dmaven.ext.class.path=F:\idea\IntelliJ IDEA 2023.1.3\plugins\maven\lib\maven-event-listener.jar -javaagent:F:\idea\IntelliJ IDEA 2023.1.3\lib\idea_rt.jar=29913:F:\idea\IntelliJ IDEA 2023.1.3\bin -Dfile.encoding=UTF-8 
java_command: org.codehaus.classworlds.Launcher -Didea.version=2023.1.3 compile
java_class_path (initial): F:\idea\IntelliJ IDEA 2023.1.3\plugins\maven\lib\maven3\boot\plexus-classworlds-2.6.0.jar;F:\idea\IntelliJ IDEA 2023.1.3\plugins\maven\lib\maven3\boot\plexus-classworlds.license
Launcher Type: SUN_STANDARD

[Global flags]
     intx CICompilerCount                          = 3                                         {product} {ergonomic}
     uint ConcGCThreads                            = 1                                         {product} {ergonomic}
     uint G1ConcRefinementThreads                  = 4                                         {product} {ergonomic}
   size_t G1HeapRegionSize                         = 1048576                                   {product} {ergonomic}
    uintx GCDrainStackTargetSize                   = 64                                        {product} {ergonomic}
   size_t InitialHeapSize                          = 134217728                                 {product} {ergonomic}
   size_t MarkStackSize                            = 4194304                                   {product} {ergonomic}
   size_t MaxHeapSize                              = 2118123520                                {product} {ergonomic}
   size_t MaxNewSize                               = 1270874112                                {product} {ergonomic}
   size_t MinHeapDeltaBytes                        = 1048576                                   {product} {ergonomic}
    uintx NonNMethodCodeHeapSize                   = 5830732                                {pd product} {ergonomic}
    uintx NonProfiledCodeHeapSize                  = 122913754                              {pd product} {ergonomic}
    uintx ProfiledCodeHeapSize                     = 122913754                              {pd product} {ergonomic}
    uintx ReservedCodeCacheSize                    = 251658240                              {pd product} {ergonomic}
     bool SegmentedCodeCache                       = true                                      {product} {ergonomic}
     bool UseCompressedClassPointers               = true                                 {lp64_product} {ergonomic}
     bool UseCompressedOops                        = true                                 {lp64_product} {ergonomic}
     bool UseG1GC                                  = true                                      {product} {ergonomic}
     bool UseLargePagesIndividualAllocation        = false                                  {pd product} {ergonomic}

Logging:
Log output configuration:
 #0: stdout all=warning uptime,level,tags
 #1: stderr all=off uptime,level,tags

Environment Variables:
JAVA_HOME=F:\jdk\jdk-11.0.6
JRE_HOME=F:\jdk\jdk-11.0.6
CLASSPATH=;F:\jdk\jdk-11.0.6\lib;F:\jdk\jdk-11.0.6\lib\tools.jar
PATH=C:\Program Files\NVIDIA GPU Computing Toolkit\CUDA\v11.1\bin;C:\Program Files\NVIDIA GPU Computing Toolkit\CUDA\v11.1\libnvvp;C:\Program Files\PlasticSCM5\server;C:\Program Files\PlasticSCM5\client;D:\Anaconda\Anaconda;D:\Anaconda\Anaconda\Library\mingw-w64\bin;D:\Anaconda\Anaconda\Library\usr\bin;D:\Anaconda\Anaconda\Library\bin;D:\Anaconda\Anaconda\Scripts;C:\Program Files (x86)\Intel\iCLS Client\;C:\Program Files\Intel\iCLS Client\;C:\windows\system32;C:\windows;C:\windows\System32\Wbem;C:\windows\System32\WindowsPowerShell\v1.0\;C:\Program Files (x86)\NVIDIA Corporation\PhysX\Common;C:\WINDOWS\system32;C:\WINDOWS;C:\WINDOWS\System32\Wbem;C:\WINDOWS\System32\WindowsPowerShell\v1.0\;C:\Program Files (x86)\Intel\Intel(R) Management Engine Components\DAL;C:\Program Files\Intel\Intel(R) Management Engine Components\DAL;C:\Program Files (x86)\Intel\Intel(R) Management Engine Components\IPT;C:\Program Files\Intel\Intel(R) Management Engine Components\IPT;C:\Program Files (x86)\Microsoft SQL Server\100\Tools\Binn\;C:\Program Files\Microsoft SQL Server\100\Tools\Binn\;C:\Program Files\Microsoft SQL Server\100\DTS\Binn\;C:\WINDOWS\System32\OpenSSH\;C:\Program Files\dotnet\;C:\Program Files\Microsoft SQL Server\130\Tools\Binn\;D:\quatus\quartus\bin;C:\Program Files\Intel\WiFi\bin\;C:\Program Files\Common Files\Intel\WirelessCommon\;F:\secureCRT\CRT\;C:\WINDOWS\system32;C:\WINDOWS;C:\WINDOWS\System32\Wbem;C:\WINDOWS\System32\WindowsPowerShell\v1.0\;C:\WINDOWS\System32\OpenSSH\;F:\python\python2;F:\python\python2\Scripts;%HADOOP_HOME%\bin;F:\node\;C:\Program Files\NVIDIA Corporation\Nsight Compute 2020.2.0\;C:\Program Files\NVIDIA Corporation\NVIDIA NvDLISR;C:\Program Files\NVIDIA Corporation\NVSMI;F:\opencv\opencv-3.4.0-vc14_vc15\opencv\build\x64\vc14\bin;F:\matlab\R2021a\runtime\win64;F:\matlab\R2021a\bin;F:\matlab\R2021a\polyspace\bin;F:\git\Git\cmd;F:\mysql\install\mysql-8.0.32-winx64\bin;F:\tomcat\apache-tomcat-9.0.27\bin;F:\jdk\jdk-11.0.6\bin;F:\jdk\jdk-11.0.6;F:\pyt
USERNAME=94816
OS=Windows_NT
PROCESSOR_IDENTIFIER=Intel64 Family 6 Model 158 Stepping 9, GenuineIntel



---------------  S Y S T E M  ---------------

OS: Windows 10 , 64 bit Build 19041 (10.0.19041.3031)

CPU:total 4 (initial active 4) (4 cores per cpu, 1 threads per core) family 6 model 158 stepping 9, cmov, cx8, fxsr, mmx, sse, sse2, sse3, ssse3, sse4.1, sse4.2, popcnt, avx, avx2, aes, clmul, erms, 3dnowpref, lzcnt, tsc, tscinvbit, bmi1, bmi2, adx, fma

Memory: 4k page, system-wide physical 8077M (491M free)
TotalPageFile size 13133M (AvailPageFile size 14M)
current process WorkingSet (physical memory assigned to process): 101M, peak: 101M
current process commit charge ("private bytes"): 229M, peak: 229M

vm_info: Java HotSpot(TM) 64-Bit Server VM (11.0.6+8-LTS) for windows-amd64 JRE (11.0.6+8-LTS), built on Dec 11 2019 09:17:57 by "mach5one" with MS VC++ 15.5 (VS2017)

END.
